<?xml version="1.0" encoding="UTF-8"?>
<testsuite xmlns:xsi="http://www.w3.org/2001/XMLSchema-instance" xsi:noNamespaceSchemaLocation="https://maven.apache.org/surefire/maven-surefire-plugin/xsd/surefire-test-report-3.0.xsd" version="3.0" name="com.calculator.CalculatorEventTest$OperatorButtonEventTests" time="0.586" tests="5" errors="0" skipped="0" failures="0">
  <properties>
    <property name="sun.desktop" value="windows"/>
    <property name="awt.toolkit" value="sun.awt.windows.WToolkit"/>
    <property name="file.encoding.pkg" value="sun.io"/>
    <property name="java.specification.version" value="1.8"/>
    <property name="sun.cpu.isalist" value="pentium_pro+mmx pentium_pro pentium+mmx pentium i486 i386 i86"/>
    <property name="sun.jnu.encoding" value="GBK"/>
    <property name="sun.awt.enableExtraMouseButtons" value="true"/>
    <property name="java.class.path" value="G:\cursorproject\autotest\test\JAVA-computer\target\test-classes;G:\cursorproject\autotest\test\JAVA-computer\target\classes;C:\Users\lvziqing\.m2\repository\org\junit\jupiter\junit-jupiter-api\5.9.2\junit-jupiter-api-5.9.2.jar;C:\Users\lvziqing\.m2\repository\org\opentest4j\opentest4j\1.2.0\opentest4j-1.2.0.jar;C:\Users\lvziqing\.m2\repository\org\junit\platform\junit-platform-commons\1.9.2\junit-platform-commons-1.9.2.jar;C:\Users\lvziqing\.m2\repository\org\apiguardian\apiguardian-api\1.1.2\apiguardian-api-1.1.2.jar;C:\Users\lvziqing\.m2\repository\org\junit\jupiter\junit-jupiter-engine\5.9.2\junit-jupiter-engine-5.9.2.jar;C:\Users\lvziqing\.m2\repository\org\junit\platform\junit-platform-engine\1.9.2\junit-platform-engine-1.9.2.jar;"/>
    <property name="java.vm.vendor" value="Oracle Corporation"/>
    <property name="sun.arch.data.model" value="32"/>
    <property name="user.variant" value=""/>
    <property name="java.vendor.url" value="http://java.oracle.com/"/>
    <property name="user.timezone" value="Asia/Shanghai"/>
    <property name="java.vm.specification.version" value="1.8"/>
    <property name="os.name" value="Windows 10"/>
    <property name="user.country" value="CN"/>
    <property name="sun.java.launcher" value="SUN_STANDARD"/>
    <property name="sun.boot.library.path" value="F:\Program Files (x86)\Java\jdk1.8.0_151\jre\bin"/>
    <property name="sun.java.command" value="C:\Users\lvziqing\AppData\Local\Temp\surefire6452324756985669167\surefirebooter-20250801163654043_3.jar C:\Users\lvziqing\AppData\Local\Temp\surefire6452324756985669167 2025-08-01T16-36-49_023-jvmRun1 surefire-20250801163654043_1tmp surefire_0-20250801163654043_2tmp"/>
    <property name="surefire.test.class.path" value="G:\cursorproject\autotest\test\JAVA-computer\target\test-classes;G:\cursorproject\autotest\test\JAVA-computer\target\classes;C:\Users\lvziqing\.m2\repository\org\junit\jupiter\junit-jupiter-api\5.9.2\junit-jupiter-api-5.9.2.jar;C:\Users\lvziqing\.m2\repository\org\opentest4j\opentest4j\1.2.0\opentest4j-1.2.0.jar;C:\Users\lvziqing\.m2\repository\org\junit\platform\junit-platform-commons\1.9.2\junit-platform-commons-1.9.2.jar;C:\Users\lvziqing\.m2\repository\org\apiguardian\apiguardian-api\1.1.2\apiguardian-api-1.1.2.jar;C:\Users\lvziqing\.m2\repository\org\junit\jupiter\junit-jupiter-engine\5.9.2\junit-jupiter-engine-5.9.2.jar;C:\Users\lvziqing\.m2\repository\org\junit\platform\junit-platform-engine\1.9.2\junit-platform-engine-1.9.2.jar;"/>
    <property name="sun.cpu.endian" value="little"/>
    <property name="user.home" value="C:\Users\lvziqing"/>
    <property name="user.language" value="zh"/>
    <property name="java.specification.vendor" value="Oracle Corporation"/>
    <property name="java.home" value="F:\Program Files (x86)\Java\jdk1.8.0_151\jre"/>
    <property name="basedir" value="G:\cursorproject\autotest\test\JAVA-computer"/>
    <property name="file.separator" value="\"/>
    <property name="line.separator" value="&#10;"/>
    <property name="java.vm.specification.vendor" value="Oracle Corporation"/>
    <property name="java.specification.name" value="Java Platform API Specification"/>
    <property name="java.awt.graphicsenv" value="sun.awt.Win32GraphicsEnvironment"/>
    <property name="surefire.real.class.path" value="C:\Users\lvziqing\AppData\Local\Temp\surefire6452324756985669167\surefirebooter-20250801163654043_3.jar;C:\\Users\\lvziqing\\.m2\\repository\\org\\jacoco\\org.jacoco.agent\\0.8.11\\org.jacoco.agent-0.8.11-runtime.jar"/>
    <property name="sun.boot.class.path" value="F:\Program Files (x86)\Java\jdk1.8.0_151\jre\lib\resources.jar;F:\Program Files (x86)\Java\jdk1.8.0_151\jre\lib\rt.jar;F:\Program Files (x86)\Java\jdk1.8.0_151\jre\lib\sunrsasign.jar;F:\Program Files (x86)\Java\jdk1.8.0_151\jre\lib\jsse.jar;F:\Program Files (x86)\Java\jdk1.8.0_151\jre\lib\jce.jar;F:\Program Files (x86)\Java\jdk1.8.0_151\jre\lib\charsets.jar;F:\Program Files (x86)\Java\jdk1.8.0_151\jre\lib\jfr.jar;F:\Program Files (x86)\Java\jdk1.8.0_151\jre\classes"/>
    <property name="user.script" value=""/>
    <property name="sun.management.compiler" value="HotSpot Client Compiler"/>
    <property name="java.runtime.version" value="1.8.0_151-b12"/>
    <property name="user.name" value="lvziqing"/>
    <property name="path.separator" value=";"/>
    <property name="os.version" value="10.0"/>
    <property name="java.endorsed.dirs" value="F:\Program Files (x86)\Java\jdk1.8.0_151\jre\lib\endorsed"/>
    <property name="java.runtime.name" value="Java(TM) SE Runtime Environment"/>
    <property name="file.encoding" value="GBK"/>
    <property name="java.vm.name" value="Java HotSpot(TM) Client VM"/>
    <property name="localRepository" value="C:\Users\lvziqing\.m2\repository"/>
    <property name="java.vendor.url.bug" value="http://bugreport.sun.com/bugreport/"/>
    <property name="java.io.tmpdir" value="C:\Users\lvziqing\AppData\Local\Temp\"/>
    <property name="java.version" value="1.8.0_151"/>
    <property name="user.dir" value="G:\cursorproject\autotest\test\JAVA-computer"/>
    <property name="os.arch" value="x86"/>
    <property name="java.vm.specification.name" value="Java Virtual Machine Specification"/>
    <property name="java.awt.printerjob" value="sun.awt.windows.WPrinterJob"/>
    <property name="sun.os.patch.level" value=""/>
    <property name="java.library.path" value="F:\Program Files (x86)\Java\jdk1.8.0_151\jre\bin;C:\Windows\Sun\Java\bin;C:\Windows\system32;C:\Windows;C:\ProgramData\Oracle\Java\javapath;C:\Program Files\Common Files\Oracle\Java\javapath;C:\Windows\system32;C:\Windows;C:\Windows\System32\Wbem;C:\Windows\System32\WindowsPowerShell\v1.0\;C:\Windows\System32\OpenSSH\;G:\ProgramData\anaconda3\Library\bin;G:\ProgramData\anaconda3\Scripts;G:\ProgramData\anaconda3;G:\ProgramData\anaconda3\Library\usr\bin;G:\ProgramData\anaconda3\Library\mingw-w64\bin;F:\Program Files\nodejs\;C:\Program Files\Docker\Docker\resources\bin;F:\Tencent\微信web开发者工具\dll;C:\Pro;ram Files\dotnet\;F:\Program Files (x86)\Java\jdk1.8.0_151\bin;F:\Program Files (x86)\Java\jdk1.8.0_151\jre\bin;F:\gradle-6.5\bin;F:\Program Files (x86)\Android\android-sdk\platform-tools;F:\Program Files\PowerShell\7\;E:\maven\bin;E:\maven\bin;G:\Program Files\Git\cmd;G:\Program Files\TortoiseGit\bin;e:\Users\lvziqing\AppData\Local\Programs\Trae\bin;C:\Users\lvziqing\AppData\Local\Microsoft\WindowsApps;C:\Users\lvziqing\AppData\Roaming\npm;C:\Programs\cursor\resources\app\bin;G:\Program Files\JetBrains\JetBrains Rider 2023.1.2\bin;;G:\Program Files\JetBrains\IntelliJ IDEA 2025.1.1.1\bin;;."/>
    <property name="java.vm.info" value="mixed mode, sharing"/>
    <property name="java.vendor" value="Oracle Corporation"/>
    <property name="java.vm.version" value="25.151-b12"/>
    <property name="java.ext.dirs" value="F:\Program Files (x86)\Java\jdk1.8.0_151\jre\lib\ext;C:\Windows\Sun\Java\lib\ext"/>
    <property name="sun.io.unicode.encoding" value="UnicodeLittle"/>
    <property name="java.class.version" value="52.0"/>
  </properties>
  <testcase name="testDivideButtonEvent" classname="com.calculator.CalculatorEventTest$OperatorButtonEventTests" time="0.114"/>
  <testcase name="testMultiplyButtonEvent" classname="com.calculator.CalculatorEventTest$OperatorButtonEventTests" time="0.112"/>
  <testcase name="testModulusButtonEvent" classname="com.calculator.CalculatorEventTest$OperatorButtonEventTests" time="0.126"/>
  <testcase name="testSubtractButtonEvent" classname="com.calculator.CalculatorEventTest$OperatorButtonEventTests" time="0.115"/>
  <testcase name="testAddButtonEvent" classname="com.calculator.CalculatorEventTest$OperatorButtonEventTests" time="0.111"/>
</testsuite>